[debug] [2022-11-04T20:25:43.043Z] ----------------------------------------------------------------------
[debug] [2022-11-04T20:25:43.048Z] Command:       C:\Program Files\nodejs\node.exe C:\Users\Damel_Design\AppData\Roaming\npm\node_modules\firebase-tools\lib\bin\firebase.js init
[debug] [2022-11-04T20:25:43.049Z] CLI Version:   11.16.0
[debug] [2022-11-04T20:25:43.049Z] Platform:      win32
[debug] [2022-11-04T20:25:43.049Z] Node Version:  v16.13.0
[debug] [2022-11-04T20:25:43.051Z] Time:          Fri Nov 04 2022 21:25:43 GMT+0100 (West Africa Standard Time)
[debug] [2022-11-04T20:25:43.052Z] ----------------------------------------------------------------------
[debug] 
[debug] [2022-11-04T20:25:43.212Z] > command requires scopes: ["email","openid","https://www.googleapis.com/auth/cloudplatformprojects.readonly","https://www.googleapis.com/auth/firebase","https://www.googleapis.com/auth/cloud-platform"]
[debug] [2022-11-04T20:25:43.213Z] > authorizing via signed-in user (dameldesign23@gmail.com)
[info] 
     ######## #### ########  ######## ########     ###     ######  ########
     ##        ##  ##     ## ##       ##     ##  ##   ##  ##       ##
     ######    ##  ########  ######   ########  #########  ######  ######
     ##        ##  ##    ##  ##       ##     ## ##     ##       ## ##
     ##       #### ##     ## ######## ########  ##     ##  ######  ########

You're about to initialize a Firebase project in this directory:

  C:\Users\Damel_Design\Documents\GitHub\crypto-mel

Before we get started, keep in mind:

  * You are initializing within an existing Firebase project directory

[info] 
=== Project Setup
[info] 
[info] First, let's associate this project directory with a Firebase project.
[info] You can create multiple project aliases by running firebase use --add, 
[info] but for now we'll just set up a default project.
[info] 
[debug] [2022-11-04T20:26:21.148Z] Using project from CLI flag: cryptomel
[debug] [2022-11-04T20:26:21.150Z] > refreshing access token with scopes: []
[debug] [2022-11-04T20:26:21.160Z] >>> [apiv2][query] POST https://www.googleapis.com/oauth2/v3/token [none]
[debug] [2022-11-04T20:26:21.161Z] >>> [apiv2][body] POST https://www.googleapis.com/oauth2/v3/token [omitted]
[debug] [2022-11-04T20:26:21.619Z] <<< [apiv2][status] POST https://www.googleapis.com/oauth2/v3/token 200
[debug] [2022-11-04T20:26:21.620Z] <<< [apiv2][body] POST https://www.googleapis.com/oauth2/v3/token [omitted]
[debug] [2022-11-04T20:26:21.696Z] >>> [apiv2][query] GET https://firebase.googleapis.com/v1beta1/projects/cryptomel [none]
[debug] [2022-11-04T20:26:22.275Z] <<< [apiv2][status] GET https://firebase.googleapis.com/v1beta1/projects/cryptomel 200
[debug] [2022-11-04T20:26:22.275Z] <<< [apiv2][body] GET https://firebase.googleapis.com/v1beta1/projects/cryptomel {"projectId":"cryptomel","projectNumber":"144387847421","displayName":"cryptomel","name":"projects/cryptomel","resources":{"hostingSite":"cryptomel","realtimeDatabaseInstance":"cryptomel-default-rtdb","storageBucket":"cryptomel.appspot.com","locationId":"us-central"},"state":"ACTIVE","etag":"1_a097d3c0-d3ac-4a8a-90ff-74a734476ab4"}
[info] i  Using project cryptomel (cryptomel) 
[info] 
=== Hosting Setup
[info] 
[info] Your public directory is the folder (relative to your project directory) that
[info] will contain Hosting assets to be uploaded with firebase deploy. If you
[info] have a build process for your assets, use your build's output directory.
[info] 
[debug] [2022-11-04T20:27:20.171Z] >>> [apiv2][query] GET https://www.gstatic.com/firebasejs/releases.json [none]
[debug] [2022-11-04T20:27:20.407Z] <<< [apiv2][status] GET https://www.gstatic.com/firebasejs/releases.json 200
[debug] [2022-11-04T20:27:20.408Z] <<< [apiv2][body] GET https://www.gstatic.com/firebasejs/releases.json {"current":{"version":"9.13.0","browserURL":"https://www.gstatic.com/firebasejs/9.13.0/firebase.js","packageURL":"https://www.gstatic.com/firebasejs/9.13.0/firebase.tgz"},"live":{"version":"9.13","browserURL":"https://www.gstatic.com/firebasejs/live/9.13/firebase.js","packageURL":"https://www.gstatic.com/firebasejs/live/9.13/firebase.tgz"},"components":{"analytics":"https://www.gstatic.com/firebasejs/9.13.0/firebase-analytics.js","app":"https://www.gstatic.com/firebasejs/9.13.0/firebase-app.js","app-check":"https://www.gstatic.com/firebasejs/9.13.0/firebase-app-check.js","auth":"https://www.gstatic.com/firebasejs/9.13.0/firebase-auth.js","auth/cordova":"https://www.gstatic.com/firebasejs/9.13.0/firebase-auth/cordova.js","auth/react-native":"https://www.gstatic.com/firebasejs/9.13.0/firebase-auth/react-native.js","functions":"https://www.gstatic.com/firebasejs/9.13.0/firebase-functions.js","firestore":"https://www.gstatic.com/firebasejs/9.13.0/firebase-firestore.js","firestore/lite":"https://www.gstatic.com/firebasejs/9.13.0/firebase-firestore/lite.js","installations":"https://www.gstatic.com/firebasejs/9.13.0/firebase-installations.js","storage":"https://www.gstatic.com/firebasejs/9.13.0/firebase-storage.js","performance":"https://www.gstatic.com/firebasejs/9.13.0/firebase-performance.js","remote-config":"https://www.gstatic.com/firebasejs/9.13.0/firebase-remote-config.js","messaging":"https://www.gstatic.com/firebasejs/9.13.0/firebase-messaging.js","messaging/sw":"https://www.gstatic.com/firebasejs/9.13.0/firebase-messaging/sw.js","database":"https://www.gstatic.com/firebasejs/9.13.0/firebase-database.js","firestore.memory":"https://www.gstatic.com/firebasejs/9.13.0/firebase-firestore.memory.js"}}
[info] +  Wrote build/index.html 
[info] 
[info] i  Detected a .git folder at C:\Users\Damel_Design\Documents\GitHub\crypto-mel 
[info] i  Authorizing with GitHub to upload your service account to a GitHub repository's secrets store. 
[info] 
[info] Visit this URL on this device to log in:
[info] https://github.com/login/oauth/authorize?client_id=89cf50f02ac6aaed3484&state=219237016&redirect_uri=http%3A%2F%2Flocalhost%3A9005&scope=read%3Auser%20repo%20public_repo
[info] 
[info] Waiting for authentication...
[debug] [2022-11-04T20:27:54.989Z] >>> [apiv2][query] POST https://github.com/login/oauth/access_token [none]
[debug] [2022-11-04T20:27:54.990Z] >>> [apiv2][body] POST https://github.com/login/oauth/access_token [stream]
[debug] [2022-11-04T20:27:57.890Z] <<< [apiv2][status] POST https://github.com/login/oauth/access_token 200
[debug] [2022-11-04T20:27:57.891Z] <<< [apiv2][body] POST https://github.com/login/oauth/access_token {"access_token":"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","token_type":"bearer","scope":"read:user,repo"}
[debug] [2022-11-04T20:27:57.903Z] >>> [apiv2][query] GET https://api.github.com/user [none]
[debug] [2022-11-04T20:27:58.553Z] <<< [apiv2][status] GET https://api.github.com/user 200
[debug] [2022-11-04T20:27:58.553Z] <<< [apiv2][body] GET https://api.github.com/user {"login":"dameldesign","id":98592632,"node_id":"U_kgDOBeBneA","avatar_url":"https://avatars.githubusercontent.com/u/98592632?v=4","gravatar_id":"","url":"https://api.github.com/users/dameldesign","html_url":"https://github.com/dameldesign","followers_url":"https://api.github.com/users/dameldesign/followers","following_url":"https://api.github.com/users/dameldesign/following{/other_user}","gists_url":"https://api.github.com/users/dameldesign/gists{/gist_id}","starred_url":"https://api.github.com/users/dameldesign/starred{/owner}{/repo}","subscriptions_url":"https://api.github.com/users/dameldesign/subscriptions","organizations_url":"https://api.github.com/users/dameldesign/orgs","repos_url":"https://api.github.com/users/dameldesign/repos","events_url":"https://api.github.com/users/dameldesign/events{/privacy}","received_events_url":"https://api.github.com/users/dameldesign/received_events","type":"User","site_admin":false,"name":"dameldesign","company":null,"blog":"https://danielekundayo.netlify.app/","location":null,"email":null,"hireable":true,"bio":null,"twitter_username":null,"public_repos":28,"public_gists":0,"followers":2,"following":0,"created_at":"2022-01-28T12:17:02Z","updated_at":"2022-10-05T10:55:00Z","private_gists":0,"total_private_repos":1,"owned_private_repos":1,"disk_usage":112159,"collaborators":0,"two_factor_authentication":false,"plan":{"name":"free","space":976562499,"collaborators":0,"private_repos":10000}}
[info] 
[info] +  Success! Logged into GitHub as dameldesign 
[info] 
